<?xml version="1.0" encoding="UTF-8" ?>
<testsuite errors="0" failures="0" hostname="maega" name="com.epucjr.engyos.dominio.crud.ValidadorCPFTest" tests="2" time="0.108" timestamp="2011-02-07T14:07:58">
  <properties>
    <property name="libs.jsp-compiler.javadoc" value="" />
    <property name="netbeans.autoupdate.country" value="BR" />
    <property name="javac.test.classpath" value="WebContent/WEB-INF/lib/lucene-snowball-2.9.3.jar:WebContent/WEB-INF/lib/xml-apis-ext.jar:WebContent/WEB-INF/lib/javassist-3.4.GA.jar:WebContent/WEB-INF/lib/commons-collections-2.1.1.jar:WebContent/WEB-INF/lib/jfreechart-1.0.13.jar:WebContent/WEB-INF/lib/xml-apis.jar:WebContent/WEB-INF/lib/dom4j-1.6.1.jar:WebContent/WEB-INF/lib/solr-common.jar:WebContent/WEB-INF/lib/slf4j-api-1.5.8.jar:WebContent/WEB-INF/lib/luke-0.9.9.jar:WebContent/WEB-INF/lib/xercesImpl-2.7.0.jar:WebContent/WEB-INF/lib/commons-lang-2.5.jar:WebContent/WEB-INF/lib/jfreechart-1.0.13-swt.jar:WebContent/WEB-INF/lib/jdt-compiler-3.1.1.jar:WebContent/WEB-INF/lib/jtidy-r820.jar:WebContent/WEB-INF/lib/log4j-1.2.15.jar:WebContent/WEB-INF/lib/hibernate-core-3.5.4-Final.jar:WebContent/WEB-INF/lib/jcommon-1.0.16.jar:WebContent/WEB-INF/lib/servlet-api.jar:WebContent/WEB-INF/lib/commons-collections-3.1.jar:WebContent/WEB-INF/lib/iText-rtf-2.1.7.jar:WebContent/WEB-INF/lib/jasperreports-3.7.6.jar:WebContent/WEB-INF/lib/iText-rups-2.1.7.jar:WebContent/WEB-INF/lib/commons-digester-1.7.jar:WebContent/WEB-INF/lib/NBioBSPJNI.jar:WebContent/WEB-INF/lib/antlr-2.7.6.jar:WebContent/WEB-INF/lib/iText-2.1.0.jar:WebContent/WEB-INF/lib/lucene-core-2.9.3.jar:WebContent/WEB-INF/lib/jta-1.1.jar:WebContent/WEB-INF/lib/jfreechart-1.0.13-experimental.jar:WebContent/WEB-INF/lib/solr-core-1.4.0.jar:WebContent/WEB-INF/lib/commons-javaflow-20060411.jar:WebContent/WEB-INF/lib/iText-2.1.7.jar:WebContent/WEB-INF/lib/commons-beanutils-1.8.0.jar:WebContent/WEB-INF/lib/swtgraphics2d.jar:WebContent/WEB-INF/lib/hibernate3.jar:WebContent/WEB-INF/lib/groovy-all-1.7.5.jar:WebContent/WEB-INF/lib/poi-3.6.jar:WebContent/WEB-INF/lib/hibernate-search-3.2.1.Final.jar:WebContent/WEB-INF/lib/hibernate-commons-annotations-3.2.0.Final.jar:WebContent/WEB-INF/lib/hibernate-jpa-2.0-api-1.0.0.Final.jar:WebContent/WEB-INF/lib/slf4j-log4j12-1.5.8.jar:build/web/WEB-INF/classes:/home/rogerio/netbeans-6.9.1/java/modules/ext/junit-3.8.2.jar:/home/rogerio/netbeans-6.9.1/platform/modules/ext/junit-4.5.jar:lib.teste/hamcrest-core-1.2.jar:lib.teste/hamcrest-library-1.2.jar:lib.teste/jmock-2.5.1.jar:lib.teste/jmock-junit4-2.5.1.jar:lib.teste/junit-4.9b2.jar" />
    <property name="file.reference.iText-rups-2.1.7.jar" value="WebContent/WEB-INF/lib/iText-rups-2.1.7.jar" />
    <property name="libs.jsf20.maven-pom" value="" />
    <property name="file.reference.jmock-2.5.1.jar" value="lib.teste/jmock-2.5.1.jar" />
    <property name="libs.DataBindingME.src" value="" />
    <property name="libs.j2me_ant_ext.javadoc" value="" />
    <property name="ant.file.type.ProjetoEngyos-impl" value="file" />
    <property name="source.root" value="." />
    <property name="do.display.browser" value="true" />
    <property name="libs.proguard.javadoc" value="" />
    <property name="libs.junit.javadoc" value="/home/rogerio/netbeans-6.9.1/java/docs/junit-3.8.2-api.zip" />
    <property name="javac.includes" value="com/epucjr/engyos/dominio/crud/ValidadorCPFTest.java" />
    <property name="libs.nsicom-ant-utils.src" value="" />
    <property name="libs.nokiaS80-ant-utils.javadoc" value="" />
    <property name="file.reference.jtidy-r820.jar" value="WebContent/WEB-INF/lib/jtidy-r820.jar" />
    <property name="ant.core.lib" value="/home/rogerio/netbeans-6.9.1/java/ant/lib/ant.jar" />
    <property name="libs.swing-app-framework.src" value="" />
    <property name="libs.jakarta_slide_ant_webdav.javadoc" value="" />
    <property name="javadoc.windowtitle" value="" />
    <property name="libs.toplink.classpath" value="/home/rogerio/netbeans-6.9.1/java/modules/ext/toplink/toplink-essentials.jar:/home/rogerio/netbeans-6.9.1/java/modules/ext/toplink/toplink-essentials-agent.jar" />
    <property name="libs.jsp-compilation.javadoc" value="" />
    <property name="user.dir" value="/home/rogerio/Estudo_teste/projeto-epucjr02/ProjetoEngyos" />
    <property name="libs.hibernate-persistence.javadoc" value="" />
    <property name="libs.JMUnit4CLDC10.javadoc" value="/home/rogerio/netbeans-6.9.1/mobility/modules/docs/jmunit-1.2.1-api.zip" />
    <property name="java.vm.version" value="19.0-b09" />
    <property name="libs.DataBindingME.classpath" value="/home/rogerio/netbeans-6.9.1/mobility/modules/ext/netbeans_databindingme.jar" />
    <property name="libs.jstl11.maven-pom" value="" />
    <property name="file.reference.hibernate-jpa-2.0-api-1.0.0.Final.jar" value="WebContent/WEB-INF/lib/hibernate-jpa-2.0-api-1.0.0.Final.jar" />
    <property name="libs.nsicom-ant-utils.classpath" value="/home/rogerio/netbeans-6.9.1/mobility/ant/nblib/org-netbeans-modules-j2me-cdc-project-nsicom.jar" />
    <property name="libs.MySQLDriver.classpath" value="/home/rogerio/netbeans-6.9.1/ide/modules/ext/mysql-connector-java-5.1.6-bin.jar" />
    <property name="no.dependencies" value="false" />
    <property name="libs.jstl11.src" value="" />
    <property name="javadoc.notree" value="false" />
    <property name="lib.dir" value="WebContent/WEB-INF/lib" />
    <property name="netbeans.autoupdate.version" value="1.23" />
    <property name="file.reference.solr-common.jar" value="WebContent/WEB-INF/lib/solr-common.jar" />
    <property name="libs.javaee-web-api-6.0.classpath" value="/home/rogerio/netbeans-6.9.1/enterprise/modules/ext/javaee-web-api-6.0.jar" />
    <property name="file.reference.slf4j-api-1.5.8.jar" value="WebContent/WEB-INF/lib/slf4j-api-1.5.8.jar" />
    <property name="test.test.dir" value="test" />
    <property name="libs.DataBindingME-PIM.maven-pom" value="" />
    <property name="libs.hibernate-support.maven-pom" value="" />
    <property name="libs.hibernate-support.javadoc" value="" />
    <property name="libs.NetBeans MIDP Components.maven-pom" value="" />
    <property name="jdk.home" value="/opt/java/64/jdk1.6.0_23" />
    <property name="directory.deployment.supported" value="true" />
    <property name="libs.javac-api.src" value="" />
    <property name="javadoc.noindex" value="false" />
    <property name="sun.os.patch.level" value="unknown" />
    <property name="java.vm.specification.name" value="Java Virtual Machine Specification" />
    <property name="libs.semc-ant-utils.classpath" value="/home/rogerio/netbeans-6.9.1/mobility/modules/ext/org-netbeans-modules-j2me-cdc-project-semc.jar" />
    <property name="nb.show.statistics.ui" value="usageStatisticsEnabled" />
    <property name="libs.nokiadeployment.classpath" value="/home/rogerio/netbeans-6.9.1/mobility/modules/org-netbeans-modules-mobility-deployment-nokia.jar" />
    <property name="netbeans.autoupdate.variant" value="" />
    <property name="have.tests" value="true" />
    <property name="libs.nokiaS80-ant-utils.maven-pom" value="" />
    <property name="org.xml.sax.driver" value="com.sun.org.apache.xerces.internal.jaxp.SAXParserImpl$JAXPSAXParser" />
    <property name="libs.nb_svg_midp_components.src" value="/home/rogerio/netbeans-6.9.1/mobility/sources/nb_svg_midp_components-src.zip" />
    <property name="j2ee.server.instance" value="tomcat60:home=/opt/tomcat" />
    <property name="libs.NetBeans MIDP Components WMA.src" value="/home/rogerio/netbeans-6.9.1/mobility/sources/netbeans_midp_components_wma-src.zip" />
    <property name="libs.javac-api.javadoc" value="" />
    <property name="os.name" value="Linux" />
    <property name="libs.beans-binding.classpath" value="/home/rogerio/netbeans-6.9.1/java/modules/ext/beansbinding-1.2.1.jar" />
    <property name="file.reference.xercesImpl-2.7.0.jar" value="WebContent/WEB-INF/lib/xercesImpl-2.7.0.jar" />
    <property name="libs.DataBindingME-SVG.javadoc" value="/home/rogerio/netbeans-6.9.1/mobility/modules/docs/netbeans_databindingme_svg-api.zip" />
    <property name="libs.restapi.javadoc" value="/home/rogerio/netbeans-6.9.1/enterprise/docs/jsr311-api-1.1.1-javadoc.zip" />
    <property name="libs.JWSAntTasks.maven-pom" value="" />
    <property name="libs.spring-webmvc3.0.src" value="" />
    <property name="libs.restapi.classpath" value="/home/rogerio/netbeans-6.9.1/enterprise/modules/ext/rest/jsr311-api-1.1.1.jar" />
    <property name="runmain.jvmargs" value="" />
    <property name="java.vendor.url.bug" value="http://java.sun.com/cgi-bin/bugreport.cgi" />
    <property name="libs.nsicom-ant-utils.javadoc" value="" />
    <property name="libs.jaxb.maven-pom" value="" />
    <property name="file.reference.jmock-junit4-2.5.1.jar" value="lib.teste/jmock-junit4-2.5.1.jar" />
    <property name="os.arch" value="amd64" />
    <property name="libs.eclipselink.src" value="" />
    <property name="user.name" value="rogerio" />
    <property name="libs.jsf12.javadoc" value="/home/rogerio/netbeans-6.9.1/enterprise/docs/javaee6-doc-api.zip" />
    <property name="libs.spring-webmvc3.0.maven-pom" value="" />
    <property name="libs.swing-layout.maven-pom" value="" />
    <property name="build.classes.dir" value="build/web/WEB-INF/classes" />
    <property name="netbeans.accept_license_class" value="org.netbeans.license.AcceptLicense" />
    <property name="libs.jaxws21.javadoc" value="/home/rogerio/netbeans-6.9.1/java/docs/jaxws-api-doc.zip" />
    <property name="build.web.excludes" value="**/*.java,**/*.form" />
    <property name="includes" value="**" />
    <property name="user.country" value="BR" />
    <property name="libs.jstl11.javadoc" value="/home/rogerio/netbeans-6.9.1/enterprise/docs/javaee6-doc-api.zip" />
    <property name="libs.JMUnit4CLDC11.src" value="" />
    <property name="javadoc.encoding" value="ISO-8859-1" />
    <property name="javac.classpath" value="WebContent/WEB-INF/lib/lucene-snowball-2.9.3.jar:WebContent/WEB-INF/lib/xml-apis-ext.jar:WebContent/WEB-INF/lib/javassist-3.4.GA.jar:WebContent/WEB-INF/lib/commons-collections-2.1.1.jar:WebContent/WEB-INF/lib/jfreechart-1.0.13.jar:WebContent/WEB-INF/lib/xml-apis.jar:WebContent/WEB-INF/lib/dom4j-1.6.1.jar:WebContent/WEB-INF/lib/solr-common.jar:WebContent/WEB-INF/lib/slf4j-api-1.5.8.jar:WebContent/WEB-INF/lib/luke-0.9.9.jar:WebContent/WEB-INF/lib/xercesImpl-2.7.0.jar:WebContent/WEB-INF/lib/commons-lang-2.5.jar:WebContent/WEB-INF/lib/jfreechart-1.0.13-swt.jar:WebContent/WEB-INF/lib/jdt-compiler-3.1.1.jar:WebContent/WEB-INF/lib/jtidy-r820.jar:WebContent/WEB-INF/lib/log4j-1.2.15.jar:WebContent/WEB-INF/lib/hibernate-core-3.5.4-Final.jar:WebContent/WEB-INF/lib/jcommon-1.0.16.jar:WebContent/WEB-INF/lib/servlet-api.jar:WebContent/WEB-INF/lib/commons-collections-3.1.jar:WebContent/WEB-INF/lib/iText-rtf-2.1.7.jar:WebContent/WEB-INF/lib/jasperreports-3.7.6.jar:WebContent/WEB-INF/lib/iText-rups-2.1.7.jar:WebContent/WEB-INF/lib/commons-digester-1.7.jar:WebContent/WEB-INF/lib/NBioBSPJNI.jar:WebContent/WEB-INF/lib/antlr-2.7.6.jar:WebContent/WEB-INF/lib/iText-2.1.0.jar:WebContent/WEB-INF/lib/lucene-core-2.9.3.jar:WebContent/WEB-INF/lib/jta-1.1.jar:WebContent/WEB-INF/lib/jfreechart-1.0.13-experimental.jar:WebContent/WEB-INF/lib/solr-core-1.4.0.jar:WebContent/WEB-INF/lib/commons-javaflow-20060411.jar:WebContent/WEB-INF/lib/iText-2.1.7.jar:WebContent/WEB-INF/lib/commons-beanutils-1.8.0.jar:WebContent/WEB-INF/lib/swtgraphics2d.jar:WebContent/WEB-INF/lib/hibernate3.jar:WebContent/WEB-INF/lib/groovy-all-1.7.5.jar:WebContent/WEB-INF/lib/poi-3.6.jar:WebContent/WEB-INF/lib/hibernate-search-3.2.1.Final.jar:WebContent/WEB-INF/lib/hibernate-commons-annotations-3.2.0.Final.jar:WebContent/WEB-INF/lib/hibernate-jpa-2.0-api-1.0.0.Final.jar:WebContent/WEB-INF/lib/slf4j-log4j12-1.5.8.jar" />
    <property name="file.reference.swtgraphics2d.jar" value="WebContent/WEB-INF/lib/swtgraphics2d.jar" />
    <property name="do.debug.server" value="true" />
    <property name="debug-transport" value="dt_socket" />
    <property name="netbeans.system_http_non_proxy_hosts" value="" />
    <property name="netbeans.home" value="/home/rogerio/netbeans-6.9.1/platform" />
    <property name="build.compiler.emacs" value="true" />
    <property name="libs.javaee-web-api-6.0.src" value="" />
    <property name="libs.ejb3-persistence.src" value="" />
    <property name="libs.nokiaS80-ant-utils.src" value="" />
    <property name="libs.cdc-pp-awt-layout.javadoc" value="" />
    <property name="libs.j2me_ant_ext.classpath" value="/home/rogerio/netbeans-6.9.1/mobility/modules/org-netbeans-modules-mobility-antext.jar:/home/rogerio/netbeans-6.9.1/java/modules/org-netbeans-modules-classfile.jar" />
    <property name="ant.file.ProjetoEngyos-impl" value="/home/rogerio/Estudo_teste/projeto-epucjr02/ProjetoEngyos/nbproject/build-impl.xml" />
    <property name="java.endorsed.dirs" value="/opt/java/64/jdk1.6.0_23/jre/lib/endorsed" />
    <property name="test.includes" value="com/epucjr/engyos/dominio/crud/ValidadorCPFTest.java" />
    <property name="netbeans.dynamic.classpath" value="/home/rogerio/netbeans-6.9.1/platform/core/org-openide-filesystems.jar:/home/rogerio/netbeans-6.9.1/platform/core/core.jar:/home/rogerio/netbeans-6.9.1/platform/core/locale/org-openide-filesystems_zh_CN.jar:/home/rogerio/netbeans-6.9.1/platform/core/locale/org-openide-filesystems_ja.jar:/home/rogerio/netbeans-6.9.1/platform/core/locale/org-openide-filesystems_pt_BR.jar:/home/rogerio/netbeans-6.9.1/platform/core/locale/core_ja.jar:/home/rogerio/netbeans-6.9.1/platform/core/locale/core_zh_CN.jar:/home/rogerio/netbeans-6.9.1/platform/core/locale/core_pt_BR.jar:/home/rogerio/netbeans-6.9.1/nb/core/org-netbeans-upgrader.jar:/home/rogerio/netbeans-6.9.1/nb/core/locale/core_nb_zh_CN.jar:/home/rogerio/netbeans-6.9.1/nb/core/locale/org-netbeans-upgrader_ja.jar:/home/rogerio/netbeans-6.9.1/nb/core/locale/core_nb_ja.jar:/home/rogerio/netbeans-6.9.1/nb/core/locale/org-netbeans-upgrader_pt_BR.jar:/home/rogerio/netbeans-6.9.1/nb/core/locale/org-netbeans-upgrader_zh_CN.jar:/home/rogerio/netbeans-6.9.1/nb/core/locale/core_nb.jar:/home/rogerio/netbeans-6.9.1/nb/core/locale/core_nb_pt_BR.jar" />
    <property name="libs.cdc-agui-swing-layout.maven-pom" value="" />
    <property name="libs.cdc-pp-awt-layout.src" value="/home/rogerio/netbeans-6.9.1/mobility/sources/cdc-pp-awt-layout-src.zip" />
    <property name="java.vm.specification.version" value="1.0" />
    <property name="libs.jakarta_slide_ant_webdav.src" value="" />
    <property name="file.reference.jfreechart-1.0.13-experimental.jar" value="WebContent/WEB-INF/lib/jfreechart-1.0.13-experimental.jar" />
    <property name="libs.javaee-api-6.0.classpath" value="/home/rogerio/netbeans-6.9.1/enterprise/modules/ext/javaee-api-6.0.jar" />
    <property name="libs.sjmc-ant-utils.maven-pom" value="" />
    <property name="libs.JMUnit4CLDC10.maven-pom" value="" />
    <property name="platforms.JDK_1.6.home" value="/home/rogerio/glassfishv3/jdk" />
    <property name="libs.hibernate-persistence.classpath" value="/home/rogerio/netbeans-6.9.1/java/modules/ext/hibernate/antlr-2.7.6.jar:/home/rogerio/netbeans-6.9.1/java/modules/ext/hibernate/asm.jar:/home/rogerio/netbeans-6.9.1/java/modules/ext/hibernate/asm-attrs.jar:/home/rogerio/netbeans-6.9.1/java/modules/ext/hibernate/cglib-2.1.3.jar:/home/rogerio/netbeans-6.9.1/java/modules/ext/hibernate/commons-collections-2.1.1.jar:/home/rogerio/netbeans-6.9.1/ide/modules/ext/commons-logging-1.1.jar:/home/rogerio/netbeans-6.9.1/java/modules/ext/hibernate/dom4j-1.6.1.jar:/home/rogerio/netbeans-6.9.1/java/modules/ext/hibernate/ehcache-1.2.3.jar:/home/rogerio/netbeans-6.9.1/java/modules/ext/hibernate/jdbc2_0-stdext.jar:/home/rogerio/netbeans-6.9.1/java/modules/ext/hibernate/jta.jar:/home/rogerio/netbeans-6.9.1/java/modules/ext/hibernate/hibernate3.jar:/home/rogerio/netbeans-6.9.1/java/modules/ext/hibernate/hibernate-tools.jar:/home/rogerio/netbeans-6.9.1/java/modules/ext/hibernate/hibernate-annotations.jar:/home/rogerio/netbeans-6.9.1/java/modules/ext/hibernate/hibernate-commons-annotations.jar:/home/rogerio/netbeans-6.9.1/java/modules/ext/hibernate/hibernate-entitymanager.jar:/home/rogerio/netbeans-6.9.1/java/modules/ext/hibernate/javassist.jar:/home/rogerio/netbeans-6.9.1/java/modules/ext/hibernate/ejb3-persistence.jar" />
    <property name="libs.jaxws21.src" value="" />
    <property name="libs.swing-app-framework.classpath" value="/home/rogerio/netbeans-6.9.1/java/modules/ext/appframework-1.0.3.jar:/home/rogerio/netbeans-6.9.1/java/modules/ext/swing-worker-1.1.jar" />
    <property name="file.reference.hibernate-commons-annotations-3.2.0.Final.jar" value="WebContent/WEB-INF/lib/hibernate-commons-annotations-3.2.0.Final.jar" />
    <property name="file.reference.poi-3.6.jar" value="WebContent/WEB-INF/lib/poi-3.6.jar" />
    <property name="file.reference.dom4j-1.6.1.jar" value="WebContent/WEB-INF/lib/dom4j-1.6.1.jar" />
    <property name="netbeans.autoupdate.language" value="pt" />
    <property name="libs.jakarta_slide_ant_webdav.classpath" value="/home/rogerio/netbeans-6.9.1/mobility/modules/ext/commons-httpclient-3.0.1.jar:/home/rogerio/netbeans-6.9.1/ide/modules/ext/commons-logging-1.1.jar:/home/rogerio/netbeans-6.9.1/java/modules/ext/jdom-1.0.jar:/home/rogerio/netbeans-6.9.1/mobility/modules/ext/jakarta-slide-webdavlib-2.1.jar:/home/rogerio/netbeans-6.9.1/mobility/modules/ext/jakarta-slide-ant-webdav-2.1.jar" />
    <property name="java.vendor" value="Sun Microsystems Inc." />
    <property name="platforms.JDK_1.6.compiler" value="modern" />
    <property name="libs.JMUnit4CLDC10.src" value="" />
    <property name="libs.javaee-api-6.0.javadoc" value="/home/rogerio/netbeans-6.9.1/enterprise/docs/javaee6-doc-api.zip" />
    <property name="file.reference.groovy-all-1.7.5.jar" value="WebContent/WEB-INF/lib/groovy-all-1.7.5.jar" />
    <property name="javac.debug" value="true" />
    <property name="javadoc.splitindex" value="true" />
    <property name="file.separator" value="/" />
    <property name="libs.IdentityAntTasks.src" value="" />
    <property name="libs.ActiveSync.classpath" value="/home/rogerio/netbeans-6.9.1/mobility/modules/ext/nbactivesync-5.0.jar" />
    <property name="libs.junit_4.maven-pom" value="" />
    <property name="resource.dir" value="setup" />
    <property name="file.reference.commons-beanutils-1.8.0.jar" value="WebContent/WEB-INF/lib/commons-beanutils-1.8.0.jar" />
    <property name="javac.test.processorpath" value="WebContent/WEB-INF/lib/lucene-snowball-2.9.3.jar:WebContent/WEB-INF/lib/xml-apis-ext.jar:WebContent/WEB-INF/lib/javassist-3.4.GA.jar:WebContent/WEB-INF/lib/commons-collections-2.1.1.jar:WebContent/WEB-INF/lib/jfreechart-1.0.13.jar:WebContent/WEB-INF/lib/xml-apis.jar:WebContent/WEB-INF/lib/dom4j-1.6.1.jar:WebContent/WEB-INF/lib/solr-common.jar:WebContent/WEB-INF/lib/slf4j-api-1.5.8.jar:WebContent/WEB-INF/lib/luke-0.9.9.jar:WebContent/WEB-INF/lib/xercesImpl-2.7.0.jar:WebContent/WEB-INF/lib/commons-lang-2.5.jar:WebContent/WEB-INF/lib/jfreechart-1.0.13-swt.jar:WebContent/WEB-INF/lib/jdt-compiler-3.1.1.jar:WebContent/WEB-INF/lib/jtidy-r820.jar:WebContent/WEB-INF/lib/log4j-1.2.15.jar:WebContent/WEB-INF/lib/hibernate-core-3.5.4-Final.jar:WebContent/WEB-INF/lib/jcommon-1.0.16.jar:WebContent/WEB-INF/lib/servlet-api.jar:WebContent/WEB-INF/lib/commons-collections-3.1.jar:WebContent/WEB-INF/lib/iText-rtf-2.1.7.jar:WebContent/WEB-INF/lib/jasperreports-3.7.6.jar:WebContent/WEB-INF/lib/iText-rups-2.1.7.jar:WebContent/WEB-INF/lib/commons-digester-1.7.jar:WebContent/WEB-INF/lib/NBioBSPJNI.jar:WebContent/WEB-INF/lib/antlr-2.7.6.jar:WebContent/WEB-INF/lib/iText-2.1.0.jar:WebContent/WEB-INF/lib/lucene-core-2.9.3.jar:WebContent/WEB-INF/lib/jta-1.1.jar:WebContent/WEB-INF/lib/jfreechart-1.0.13-experimental.jar:WebContent/WEB-INF/lib/solr-core-1.4.0.jar:WebContent/WEB-INF/lib/commons-javaflow-20060411.jar:WebContent/WEB-INF/lib/iText-2.1.7.jar:WebContent/WEB-INF/lib/commons-beanutils-1.8.0.jar:WebContent/WEB-INF/lib/swtgraphics2d.jar:WebContent/WEB-INF/lib/hibernate3.jar:WebContent/WEB-INF/lib/groovy-all-1.7.5.jar:WebContent/WEB-INF/lib/poi-3.6.jar:WebContent/WEB-INF/lib/hibernate-search-3.2.1.Final.jar:WebContent/WEB-INF/lib/hibernate-commons-annotations-3.2.0.Final.jar:WebContent/WEB-INF/lib/hibernate-jpa-2.0-api-1.0.0.Final.jar:WebContent/WEB-INF/lib/slf4j-log4j12-1.5.8.jar:build/web/WEB-INF/classes:/home/rogerio/netbeans-6.9.1/java/modules/ext/junit-3.8.2.jar:/home/rogerio/netbeans-6.9.1/platform/modules/ext/junit-4.5.jar:lib.teste/hamcrest-core-1.2.jar:lib.teste/hamcrest-library-1.2.jar:lib.teste/jmock-2.5.1.jar:lib.teste/jmock-junit4-2.5.1.jar:lib.teste/junit-4.9b2.jar" />
    <property name="netbeans.buildnumber" value="201007282301" />
    <property name="libs.JWSAntTasks.javadoc" value="" />
    <property name="build.generated.sources.dir" value="build/generated-sources" />
    <property name="sun.java.launcher" value="SUN_STANDARD" />
    <property name="libs.junit.classpath" value="/home/rogerio/netbeans-6.9.1/java/modules/ext/junit-3.8.2.jar" />
    <property name="file.reference.iText-2.1.7.jar" value="WebContent/WEB-INF/lib/iText-2.1.7.jar" />
    <property name="libs.jaxb.javadoc" value="/home/rogerio/netbeans-6.9.1/ide/docs/jaxb-api-doc.zip" />
    <property name="libs.struts.classpath" value="/home/rogerio/netbeans-6.9.1/enterprise/modules/ext/struts/antlr-2.7.2.jar:/home/rogerio/netbeans-6.9.1/enterprise/modules/ext/struts/bsf-2.3.0.jar:/home/rogerio/netbeans-6.9.1/enterprise/modules/ext/struts/commons-beanutils-1.7.0.jar:/home/rogerio/netbeans-6.9.1/enterprise/modules/ext/struts/commons-chain-1.1.jar:/home/rogerio/netbeans-6.9.1/enterprise/modules/ext/struts/commons-digester-1.8.jar:/home/rogerio/netbeans-6.9.1/enterprise/modules/ext/struts/commons-fileupload-1.1.1.jar:/home/rogerio/netbeans-6.9.1/enterprise/modules/ext/struts/commons-io-1.1.jar:/home/rogerio/netbeans-6.9.1/enterprise/modules/ext/struts/commons-logging-1.0.4.jar:/home/rogerio/netbeans-6.9.1/enterprise/modules/ext/struts/commons-validator-1.3.1.jar:/home/rogerio/netbeans-6.9.1/enterprise/modules/ext/struts/jstl-1.0.2.jar:/home/rogerio/netbeans-6.9.1/enterprise/modules/ext/struts/oro-2.0.8.jar:/home/rogerio/netbeans-6.9.1/enterprise/modules/ext/struts/standard-1.0.2.jar:/home/rogerio/netbeans-6.9.1/enterprise/modules/ext/struts/struts-core-1.3.8.jar:/home/rogerio/netbeans-6.9.1/enterprise/modules/ext/struts/struts-el-1.3.8.jar:/home/rogerio/netbeans-6.9.1/enterprise/modules/ext/struts/struts-extras-1.3.8.jar:/home/rogerio/netbeans-6.9.1/enterprise/modules/ext/struts/struts-faces-1.3.8.jar:/home/rogerio/netbeans-6.9.1/enterprise/modules/ext/struts/struts-mailreader-dao-1.3.8.jar:/home/rogerio/netbeans-6.9.1/enterprise/modules/ext/struts/struts-scripting-1.3.8.jar:/home/rogerio/netbeans-6.9.1/enterprise/modules/ext/struts/struts-taglib-1.3.8.jar:/home/rogerio/netbeans-6.9.1/enterprise/modules/ext/struts/struts-tiles-1.3.8.jar" />
    <property name="file.reference.jasperreports-3.7.6.jar" value="WebContent/WEB-INF/lib/jasperreports-3.7.6.jar" />
    <property name="application.args.param" value="" />
    <property name="ant.home" value="/home/rogerio/netbeans-6.9.1/java/ant" />
    <property name="libs.junit_4.src" value="/home/rogerio/netbeans-6.9.1/java/docs/junit-4.5-src.jar" />
    <property name="libs.ricoh-ant-utils.maven-pom" value="" />
    <property name="conf.dir" value="conf" />
    <property name="webinf.dir" value="WebContent/WEB-INF" />
    <property name="libs.absolutelayout.maven-pom" value="" />
    <property name="ant.java.version" value="1.6" />
    <property name="java.library.path" value="/opt/java/64/jdk1.6.0_23/jre/lib/amd64/server:/opt/java/64/jdk1.6.0_23/jre/lib/amd64:/opt/java/64/jdk1.6.0_23/jre/../lib/amd64:/usr/java/packages/lib/amd64:/usr/lib64:/lib64:/lib:/usr/lib" />
    <property name="javadoc.author" value="false" />
    <property name="libs.metro.maven-pom" value="" />
    <property name="libs.IdentityAntTasks.classpath" value="/home/rogerio/netbeans-6.9.1/identity/ant/nblib/org-netbeans-modules-identity-ant.jar:/home/rogerio/netbeans-6.9.1/identity/modules/org-netbeans-modules-identity-profile-api.jar" />
    <property name="java.util.logging.config.class" value="org.netbeans.core.startup.TopLogging" />
    <property name="file.reference.luke-0.9.9.jar" value="WebContent/WEB-INF/lib/luke-0.9.9.jar" />
    <property name="libs.PostgreSQLDriver.src" value="" />
    <property name="sun.arch.data.model" value="64" />
    <property name="basedir" value="/home/rogerio/Estudo_teste/projeto-epucjr02/ProjetoEngyos" />
    <property name="libs.ActiveSync.src" value="" />
    <property name="jar.compress" value="false" />
    <property name="file.reference.NBioBSPJNI.jar" value="WebContent/WEB-INF/lib/NBioBSPJNI.jar" />
    <property name="libs.NetBeans MIDP Components PDA.src" value="/home/rogerio/netbeans-6.9.1/mobility/sources/netbeans_midp_components_pda-src.zip" />
    <property name="libs.jstl11.classpath" value="/home/rogerio/netbeans-6.9.1/enterprise/modules/ext/standard.jar:/home/rogerio/netbeans-6.9.1/enterprise/modules/ext/jstl.jar" />
    <property name="path.separator" value=":" />
    <property name="dist.war" value="dist/ProjetoEngyos.war" />
    <property name="libs.javaee-web-api-6.0.javadoc" value="/home/rogerio/netbeans-6.9.1/enterprise/docs/javaee6-doc-api.zip" />
    <property name="sun.io.unicode.encoding" value="UnicodeLittle" />
    <property name="libs.semc-ant-utils.javadoc" value="" />
    <property name="libs.jaxws21.classpath" value="/home/rogerio/netbeans-6.9.1/ide/modules/ext/jaxb/jaxb-impl.jar:/home/rogerio/netbeans-6.9.1/ide/modules/ext/jaxb/jaxb-xjc.jar:/home/rogerio/netbeans-6.9.1/java/modules/ext/jaxws22/FastInfoset.jar:/home/rogerio/netbeans-6.9.1/java/modules/ext/jaxws22/gmbal-api-only.jar:/home/rogerio/netbeans-6.9.1/java/modules/ext/jaxws22/http.jar:/home/rogerio/netbeans-6.9.1/java/modules/ext/jaxws22/jaxws-rt.jar:/home/rogerio/netbeans-6.9.1/java/modules/ext/jaxws22/jaxws-tools.jar:/home/rogerio/netbeans-6.9.1/java/modules/ext/jaxws22/management-api.jar:/home/rogerio/netbeans-6.9.1/java/modules/ext/jaxws22/mimepull.jar:/home/rogerio/netbeans-6.9.1/java/modules/ext/jaxws22/policy.jar:/home/rogerio/netbeans-6.9.1/java/modules/ext/jaxws22/saaj-impl.jar:/home/rogerio/netbeans-6.9.1/java/modules/ext/jaxws22/stax-ex.jar:/home/rogerio/netbeans-6.9.1/java/modules/ext/jaxws22/streambuffer.jar:/home/rogerio/netbeans-6.9.1/java/modules/ext/jaxws22/woodstox.jar:/home/rogerio/netbeans-6.9.1/java/modules/ext/jaxws22/api/jaxws-api.jar:/home/rogerio/netbeans-6.9.1/java/modules/ext/jaxws22/api/jsr181-api.jar:/home/rogerio/netbeans-6.9.1/java/modules/ext/jaxws22/api/jsr250-api.jar:/home/rogerio/netbeans-6.9.1/java/modules/ext/jaxws22/api/saaj-api.jar:/home/rogerio/netbeans-6.9.1/ide/modules/ext/jaxb/activation.jar:/home/rogerio/netbeans-6.9.1/ide/modules/ext/jaxb/api/jaxb-api.jar:/home/rogerio/netbeans-6.9.1/ide/modules/ext/jaxb/api/jsr173_api.jar" />
    <property name="libs.struts.src" value="" />
    <property name="apple.awt.graphics.UseQuartz" value="true" />
    <property name="user.language" value="pt" />
    <property name="j2ee.platform.classpath" value="/opt/tomcat/lib/catalina-ha.jar:/opt/tomcat/lib/tomcat-dbcp.jar:/opt/tomcat/lib/tomcat-i18n-fr.jar:/opt/tomcat/lib/catalina-tribes.jar:/opt/tomcat/lib/catalina-ant.jar:/opt/tomcat/lib/tomcat-coyote.jar:/opt/tomcat/lib/el-api.jar:/opt/tomcat/lib/jasper.jar:/opt/tomcat/lib/catalina.jar:/opt/tomcat/lib/jsp-api.jar:/opt/tomcat/lib/servlet-api.jar:/opt/tomcat/lib/jasper-el.jar:/opt/tomcat/lib/tomcat-i18n-es.jar:/opt/tomcat/lib/annotations-api.jar:/opt/tomcat/lib/ecj-3.3.1.jar:/opt/tomcat/lib/tomcat-i18n-ja.jar:/opt/tomcat/bin/tomcat-juli.jar" />
    <property name="libs.spring-framework.classpath" value="/home/rogerio/netbeans-6.9.1/ide/modules/ext/commons-logging-1.1.jar:/home/rogerio/netbeans-6.9.1/java/modules/ext/cglib-2.2.jar:/home/rogerio/netbeans-6.9.1/java/modules/ext/spring/spring-2.5.6.SEC01.jar" />
    <property name="libs.eclipselink.maven-pom" value="" />
    <property name="build.meta.inf.dir" value="build/web/META-INF" />
    <property name="persistence.xml.dir" value="src/META-INF" />
    <property name="file.reference.jdt-compiler-3.1.1.jar" value="WebContent/WEB-INF/lib/jdt-compiler-3.1.1.jar" />
    <property name="libs.spring-framework300.maven-pom" value="" />
    <property name="run.test.classpath" value="WebContent/WEB-INF/lib/lucene-snowball-2.9.3.jar:WebContent/WEB-INF/lib/xml-apis-ext.jar:WebContent/WEB-INF/lib/javassist-3.4.GA.jar:WebContent/WEB-INF/lib/commons-collections-2.1.1.jar:WebContent/WEB-INF/lib/jfreechart-1.0.13.jar:WebContent/WEB-INF/lib/xml-apis.jar:WebContent/WEB-INF/lib/dom4j-1.6.1.jar:WebContent/WEB-INF/lib/solr-common.jar:WebContent/WEB-INF/lib/slf4j-api-1.5.8.jar:WebContent/WEB-INF/lib/luke-0.9.9.jar:WebContent/WEB-INF/lib/xercesImpl-2.7.0.jar:WebContent/WEB-INF/lib/commons-lang-2.5.jar:WebContent/WEB-INF/lib/jfreechart-1.0.13-swt.jar:WebContent/WEB-INF/lib/jdt-compiler-3.1.1.jar:WebContent/WEB-INF/lib/jtidy-r820.jar:WebContent/WEB-INF/lib/log4j-1.2.15.jar:WebContent/WEB-INF/lib/hibernate-core-3.5.4-Final.jar:WebContent/WEB-INF/lib/jcommon-1.0.16.jar:WebContent/WEB-INF/lib/servlet-api.jar:WebContent/WEB-INF/lib/commons-collections-3.1.jar:WebContent/WEB-INF/lib/iText-rtf-2.1.7.jar:WebContent/WEB-INF/lib/jasperreports-3.7.6.jar:WebContent/WEB-INF/lib/iText-rups-2.1.7.jar:WebContent/WEB-INF/lib/commons-digester-1.7.jar:WebContent/WEB-INF/lib/NBioBSPJNI.jar:WebContent/WEB-INF/lib/antlr-2.7.6.jar:WebContent/WEB-INF/lib/iText-2.1.0.jar:WebContent/WEB-INF/lib/lucene-core-2.9.3.jar:WebContent/WEB-INF/lib/jta-1.1.jar:WebContent/WEB-INF/lib/jfreechart-1.0.13-experimental.jar:WebContent/WEB-INF/lib/solr-core-1.4.0.jar:WebContent/WEB-INF/lib/commons-javaflow-20060411.jar:WebContent/WEB-INF/lib/iText-2.1.7.jar:WebContent/WEB-INF/lib/commons-beanutils-1.8.0.jar:WebContent/WEB-INF/lib/swtgraphics2d.jar:WebContent/WEB-INF/lib/hibernate3.jar:WebContent/WEB-INF/lib/groovy-all-1.7.5.jar:WebContent/WEB-INF/lib/poi-3.6.jar:WebContent/WEB-INF/lib/hibernate-search-3.2.1.Final.jar:WebContent/WEB-INF/lib/hibernate-commons-annotations-3.2.0.Final.jar:WebContent/WEB-INF/lib/hibernate-jpa-2.0-api-1.0.0.Final.jar:WebContent/WEB-INF/lib/slf4j-log4j12-1.5.8.jar:build/web/WEB-INF/classes:/home/rogerio/netbeans-6.9.1/java/modules/ext/junit-3.8.2.jar:/home/rogerio/netbeans-6.9.1/platform/modules/ext/junit-4.5.jar:lib.teste/hamcrest-core-1.2.jar:lib.teste/hamcrest-library-1.2.jar:lib.teste/jmock-2.5.1.jar:lib.teste/jmock-junit4-2.5.1.jar:lib.teste/junit-4.9b2.jar:build/test/classes" />
    <property name="ant.project.invoked-targets" value="test-single" />
    <property name="useJavaUtilZip" value="true" />
    <property name="libs.swing-layout.javadoc" value="/home/rogerio/netbeans-6.9.1/platform/docs/swing-layout-1.0.4-doc.zip" />
    <property name="libs.swing-app-framework.javadoc" value="/home/rogerio/netbeans-6.9.1/java/docs/appframework-1.0.3-doc.zip" />
    <property name="libs.ejb3-persistence.maven-pom" value="" />
    <property name="file.reference.iText-rtf-2.1.7.jar" value="WebContent/WEB-INF/lib/iText-rtf-2.1.7.jar" />
    <property name="libs.proguard.classpath" value="/home/rogerio/netbeans-6.9.1/mobility/external/proguard/proguard4.4.jar" />
    <property name="libs.DataBindingME-SVG.classpath" value="/home/rogerio/netbeans-6.9.1/mobility/modules/ext/netbeans_databindingme_svg.jar" />
    <property name="file.reference.hamcrest-library-1.2.jar" value="lib.teste/hamcrest-library-1.2.jar" />
    <property name="https.nonProxyHosts" value="localhost|127.0.0.1|maega" />
    <property name="libs.PostgreSQLDriver.maven-pom" value="" />
    <property name="java.class.version" value="50.0" />
    <property name="libs.javaee-endorsed-api-6.0.src" value="" />
    <property name="libs.cdc-ant-utils.classpath" value="/home/rogerio/netbeans-6.9.1/mobility/modules/ext/org-netbeans-modules-j2me-cdc-project.jar" />
    <property name="netbeans.system_http_proxy" value="DIRECT" />
    <property name="libs.eclipselink.javadoc" value="/home/rogerio/netbeans-6.9.1/enterprise/docs/javaee6-doc-api.zip" />
    <property name="libs.NetBeans MIDP Components WMA.maven-pom" value="" />
    <property name="libs.jsp-compilation.maven-pom" value="" />
    <property name="user.properties.file" value="/home/rogerio/.netbeans/6.9/build.properties" />
    <property name="build.web.dir" value="build/web" />
    <property name="libs.spring-framework.src" value="" />
    <property name="libs.javac-api.maven-pom" value="" />
    <property name="file.encoding.pkg" value="sun.io" />
    <property name="sun.cpu.endian" value="little" />
    <property name="libs.JWSAntTasks.classpath" value="/home/rogerio/netbeans-6.9.1/java/ant/extra/org-netbeans-modules-javawebstart-anttasks.jar" />
    <property name="file.reference.jfreechart-1.0.13-swt.jar" value="WebContent/WEB-INF/lib/jfreechart-1.0.13-swt.jar" />
    <property name="libs.spring-framework300.src" value="" />
    <property name="libs.ant-contrib.classpath" value="/home/rogerio/netbeans-6.9.1/mobility/modules/ext/ant-contrib-1.0b3.jar" />
    <property name="empty.dir" value="/home/rogerio/Estudo_teste/projeto-epucjr02/ProjetoEngyos/build/empty" />
    <property name="display.browser" value="true" />
    <property name="version-output" value="java version &quot;1.6" />
    <property name="javadoc.preview" value="true" />
    <property name="java.home" value="/opt/java/64/jdk1.6.0_23/jre" />
    <property name="libs.jsp-compilation.src" value="" />
    <property name="libs.ricoh-ant-utils.src" value="" />
    <property name="libs.spring-webmvc.src" value="" />
    <property name="libs.ant-contrib.javadoc" value="" />
    <property name="debug.test.classpath" value="WebContent/WEB-INF/lib/lucene-snowball-2.9.3.jar:WebContent/WEB-INF/lib/xml-apis-ext.jar:WebContent/WEB-INF/lib/javassist-3.4.GA.jar:WebContent/WEB-INF/lib/commons-collections-2.1.1.jar:WebContent/WEB-INF/lib/jfreechart-1.0.13.jar:WebContent/WEB-INF/lib/xml-apis.jar:WebContent/WEB-INF/lib/dom4j-1.6.1.jar:WebContent/WEB-INF/lib/solr-common.jar:WebContent/WEB-INF/lib/slf4j-api-1.5.8.jar:WebContent/WEB-INF/lib/luke-0.9.9.jar:WebContent/WEB-INF/lib/xercesImpl-2.7.0.jar:WebContent/WEB-INF/lib/commons-lang-2.5.jar:WebContent/WEB-INF/lib/jfreechart-1.0.13-swt.jar:WebContent/WEB-INF/lib/jdt-compiler-3.1.1.jar:WebContent/WEB-INF/lib/jtidy-r820.jar:WebContent/WEB-INF/lib/log4j-1.2.15.jar:WebContent/WEB-INF/lib/hibernate-core-3.5.4-Final.jar:WebContent/WEB-INF/lib/jcommon-1.0.16.jar:WebContent/WEB-INF/lib/servlet-api.jar:WebContent/WEB-INF/lib/commons-collections-3.1.jar:WebContent/WEB-INF/lib/iText-rtf-2.1.7.jar:WebContent/WEB-INF/lib/jasperreports-3.7.6.jar:WebContent/WEB-INF/lib/iText-rups-2.1.7.jar:WebContent/WEB-INF/lib/commons-digester-1.7.jar:WebContent/WEB-INF/lib/NBioBSPJNI.jar:WebContent/WEB-INF/lib/antlr-2.7.6.jar:WebContent/WEB-INF/lib/iText-2.1.0.jar:WebContent/WEB-INF/lib/lucene-core-2.9.3.jar:WebContent/WEB-INF/lib/jta-1.1.jar:WebContent/WEB-INF/lib/jfreechart-1.0.13-experimental.jar:WebContent/WEB-INF/lib/solr-core-1.4.0.jar:WebContent/WEB-INF/lib/commons-javaflow-20060411.jar:WebContent/WEB-INF/lib/iText-2.1.7.jar:WebContent/WEB-INF/lib/commons-beanutils-1.8.0.jar:WebContent/WEB-INF/lib/swtgraphics2d.jar:WebContent/WEB-INF/lib/hibernate3.jar:WebContent/WEB-INF/lib/groovy-all-1.7.5.jar:WebContent/WEB-INF/lib/poi-3.6.jar:WebContent/WEB-INF/lib/hibernate-search-3.2.1.Final.jar:WebContent/WEB-INF/lib/hibernate-commons-annotations-3.2.0.Final.jar:WebContent/WEB-INF/lib/hibernate-jpa-2.0-api-1.0.0.Final.jar:WebContent/WEB-INF/lib/slf4j-log4j12-1.5.8.jar:build/web/WEB-INF/classes:/home/rogerio/netbeans-6.9.1/java/modules/ext/junit-3.8.2.jar:/home/rogerio/netbeans-6.9.1/platform/modules/ext/junit-4.5.jar:lib.teste/hamcrest-core-1.2.jar:lib.teste/hamcrest-library-1.2.jar:lib.teste/jmock-2.5.1.jar:lib.teste/jmock-junit4-2.5.1.jar:lib.teste/junit-4.9b2.jar:build/test/classes" />
    <property name="libs.javaee-endorsed-api-6.0.classpath" value="/home/rogerio/netbeans-6.9.1/enterprise/modules/ext/javaee6-endorsed/javax.annotation.jar:/home/rogerio/netbeans-6.9.1/enterprise/modules/ext/javaee6-endorsed/jaxb-api-osgi.jar:/home/rogerio/netbeans-6.9.1/enterprise/modules/ext/javaee6-endorsed/webservices-api-osgi.jar" />
    <property name="libs.javaee-api-6.0.src" value="" />
    <property name="file.reference.jcommon-1.0.16.jar" value="WebContent/WEB-INF/lib/jcommon-1.0.16.jar" />
    <property name="netbeans.importclass" value="org.netbeans.upgrade.AutoUpgrade" />
    <property name="ant.project.default-target" value="default" />
    <property name="annotation.processing.run.all.processors" value="true" />
    <property name="file.reference.log4j-1.2.15.jar" value="WebContent/WEB-INF/lib/log4j-1.2.15.jar" />
    <property name="libs.savaje-ant-utils.classpath" value="/home/rogerio/netbeans-6.9.1/mobility/modules/ext/org-netbeans-modules-j2me-cdc-project-savaje.jar" />
    <property name="libs.toplink.maven-pom" value="" />
    <property name="libs.DataBindingME.maven-pom" value="" />
    <property name="libs.PostgreSQLDriver.javadoc" value="" />
    <property name="libs.restlib.classpath" value="/home/rogerio/netbeans-6.9.1/enterprise/modules/ext/rest/asm-3.1.jar:/home/rogerio/netbeans-6.9.1/enterprise/modules/ext/rest/jackson-core-asl-1.1.1.jar:/home/rogerio/netbeans-6.9.1/enterprise/modules/ext/rest/jersey-client-1.1.5.1.jar:/home/rogerio/netbeans-6.9.1/enterprise/modules/ext/rest/jersey-core-1.1.5.1.jar:/home/rogerio/netbeans-6.9.1/enterprise/modules/ext/rest/jersey-json-1.1.5.1.jar:/home/rogerio/netbeans-6.9.1/enterprise/modules/ext/rest/jersey-server-1.1.5.1.jar:/home/rogerio/netbeans-6.9.1/enterprise/modules/ext/rest/jersey-spring-1.1.5.1.jar:/home/rogerio/netbeans-6.9.1/enterprise/modules/ext/rest/jettison-1.1.jar:/home/rogerio/netbeans-6.9.1/enterprise/modules/ext/rest/oauth-client-1.1.5.1.jar:/home/rogerio/netbeans-6.9.1/enterprise/modules/ext/rest/oauth-signature-1.1.5.1.jar:/home/rogerio/netbeans-6.9.1/ide/modules/ext/jaxb/activation.jar:/home/rogerio/netbeans-6.9.1/ide/modules/ext/jaxb/api/jaxb-api.jar:/home/rogerio/netbeans-6.9.1/ide/modules/ext/jaxb/api/jsr173_api.jar" />
    <property name="libs.JMUnit4CLDC11.javadoc" value="/home/rogerio/netbeans-6.9.1/mobility/modules/docs/jmunit-1.2.1-api.zip" />
    <property name="libs.nsicom-ant-utils.maven-pom" value="" />
    <property name="libs.MySQLDriver.maven-pom" value="" />
    <property name="libs.savaje-ant-utils.src" value="" />
    <property name="file.reference.hibernate3.jar" value="WebContent/WEB-INF/lib/hibernate3.jar" />
    <property name="http.nonProxyHosts" value="localhost|127.0.0.1|maega" />
    <property name="libs.junit_4.javadoc" value="/home/rogerio/netbeans-6.9.1/java/docs/junit-4.5-api.zip" />
    <property name="libs.spring-webmvc.javadoc" value="" />
    <property name="libs.toplink.src" value="" />
    <property name="libs.javaee-web-api-6.0.maven-pom" value="" />
    <property name="file.reference.solr-core-1.4.0.jar" value="WebContent/WEB-INF/lib/solr-core-1.4.0.jar" />
    <property name="libs.cdc-pp-awt-layout.classpath" value="/home/rogerio/netbeans-6.9.1/mobility/modules/ext/cdc-pp-awt-layout.jar" />
    <property name="j2ee.deploy.on.save" value="true" />
    <property name="file.reference.hibernate-search-3.2.1.Final.jar" value="WebContent/WEB-INF/lib/hibernate-search-3.2.1.Final.jar" />
    <property name="libs.cdc-agui-swing-layout.src" value="/home/rogerio/netbeans-6.9.1/mobility/sources/cdc-agui-swing-layout-src.zip" />
    <property name="libs.hibernate-support.src" value="" />
    <property name="libs.javaee-endorsed-api-6.0.javadoc" value="/home/rogerio/netbeans-6.9.1/enterprise/docs/javaee6-doc-api.zip" />
    <property name="libs.JMUnit4CLDC11.classpath" value="/home/rogerio/netbeans-6.9.1/mobility/modules/ext/jmunit4cldc11-1.2.1.jar" />
    <property name="libs.nb_svg_midp_components.classpath" value="/home/rogerio/netbeans-6.9.1/mobility/modules/ext/nb_svg_midp_components.jar" />
    <property name="libs.spring-webmvc3.0.javadoc" value="" />
    <property name="file.reference.commons-digester-1.7.jar" value="WebContent/WEB-INF/lib/commons-digester-1.7.jar" />
    <property name="file.reference.commons-collections-3.1.jar" value="WebContent/WEB-INF/lib/commons-collections-3.1.jar" />
    <property name="annotation.processing.enabled.in.editor" value="true" />
    <property name="libs.NetBeans MIDP Components PDA.classpath" value="/home/rogerio/netbeans-6.9.1/mobility/modules/ext/netbeans_midp_components_pda.jar" />
    <property name="libs.semc-ant-utils.maven-pom" value="" />
    <property name="libs.nokiadeployment.maven-pom" value="" />
    <property name="libs.restapi.src" value="" />
    <property name="libs.NetBeans MIDP Components.javadoc" value="/home/rogerio/netbeans-6.9.1/mobility/modules/docs/netbeans_midp_components_basic-api.zip" />
    <property name="sun.management.compiler" value="HotSpot 64-Bit Server Compiler" />
    <property name="javac.deprecation" value="false" />
    <property name="javadoc.use" value="true" />
    <property name="jna.boot.library.path" value="/home/rogerio/.netbeans/6.9/var/cache/jna" />
    <property name="client.urlPart" value="" />
    <property name="sun.java2d.noddraw" value="true" />
    <property name="libs.jsp-compiler.classpath" value="/home/rogerio/netbeans-6.9.1/enterprise/ant/extra/jspcompile.jar" />
    <property name="dist.ear.war" value="dist/ProjetoEngyos.war" />
    <property name="javac.processorpath" value="WebContent/WEB-INF/lib/lucene-snowball-2.9.3.jar:WebContent/WEB-INF/lib/xml-apis-ext.jar:WebContent/WEB-INF/lib/javassist-3.4.GA.jar:WebContent/WEB-INF/lib/commons-collections-2.1.1.jar:WebContent/WEB-INF/lib/jfreechart-1.0.13.jar:WebContent/WEB-INF/lib/xml-apis.jar:WebContent/WEB-INF/lib/dom4j-1.6.1.jar:WebContent/WEB-INF/lib/solr-common.jar:WebContent/WEB-INF/lib/slf4j-api-1.5.8.jar:WebContent/WEB-INF/lib/luke-0.9.9.jar:WebContent/WEB-INF/lib/xercesImpl-2.7.0.jar:WebContent/WEB-INF/lib/commons-lang-2.5.jar:WebContent/WEB-INF/lib/jfreechart-1.0.13-swt.jar:WebContent/WEB-INF/lib/jdt-compiler-3.1.1.jar:WebContent/WEB-INF/lib/jtidy-r820.jar:WebContent/WEB-INF/lib/log4j-1.2.15.jar:WebContent/WEB-INF/lib/hibernate-core-3.5.4-Final.jar:WebContent/WEB-INF/lib/jcommon-1.0.16.jar:WebContent/WEB-INF/lib/servlet-api.jar:WebContent/WEB-INF/lib/commons-collections-3.1.jar:WebContent/WEB-INF/lib/iText-rtf-2.1.7.jar:WebContent/WEB-INF/lib/jasperreports-3.7.6.jar:WebContent/WEB-INF/lib/iText-rups-2.1.7.jar:WebContent/WEB-INF/lib/commons-digester-1.7.jar:WebContent/WEB-INF/lib/NBioBSPJNI.jar:WebContent/WEB-INF/lib/antlr-2.7.6.jar:WebContent/WEB-INF/lib/iText-2.1.0.jar:WebContent/WEB-INF/lib/lucene-core-2.9.3.jar:WebContent/WEB-INF/lib/jta-1.1.jar:WebContent/WEB-INF/lib/jfreechart-1.0.13-experimental.jar:WebContent/WEB-INF/lib/solr-core-1.4.0.jar:WebContent/WEB-INF/lib/commons-javaflow-20060411.jar:WebContent/WEB-INF/lib/iText-2.1.7.jar:WebContent/WEB-INF/lib/commons-beanutils-1.8.0.jar:WebContent/WEB-INF/lib/swtgraphics2d.jar:WebContent/WEB-INF/lib/hibernate3.jar:WebContent/WEB-INF/lib/groovy-all-1.7.5.jar:WebContent/WEB-INF/lib/poi-3.6.jar:WebContent/WEB-INF/lib/hibernate-search-3.2.1.Final.jar:WebContent/WEB-INF/lib/hibernate-commons-annotations-3.2.0.Final.jar:WebContent/WEB-INF/lib/hibernate-jpa-2.0-api-1.0.0.Final.jar:WebContent/WEB-INF/lib/slf4j-log4j12-1.5.8.jar" />
    <property name="file.reference.xml-apis.jar" value="WebContent/WEB-INF/lib/xml-apis.jar" />
    <property name="maven.mode.standalone" value="true" />
    <property name="libs.spring-webmvc.classpath" value="/home/rogerio/netbeans-6.9.1/enterprise/modules/ext/spring/spring-webmvc-2.5.6.SEC01.jar" />
    <property name="javac.compilerargs" value="" />
    <property name="ant.file" value="/home/rogerio/Estudo_teste/projeto-epucjr02/ProjetoEngyos/build.xml" />
    <property name="libs.beans-binding.maven-pom" value="" />
    <property name="libs.jsf12.classpath" value="/home/rogerio/netbeans-6.9.1/enterprise/modules/ext/jsf-1_2/commons-beanutils.jar:/home/rogerio/netbeans-6.9.1/enterprise/modules/ext/jsf-1_2/commons-collections.jar:/home/rogerio/netbeans-6.9.1/enterprise/modules/ext/jsf-1_2/commons-digester.jar:/home/rogerio/netbeans-6.9.1/enterprise/modules/ext/jsf-1_2/commons-logging.jar:/home/rogerio/netbeans-6.9.1/enterprise/modules/ext/jsf-1_2/jsf-api.jar:/home/rogerio/netbeans-6.9.1/enterprise/modules/ext/jsf-1_2/jsf-impl.jar" />
    <property name="sun.awt.exception.handler" value="org.netbeans.core.startup.TopLogging$AWTHandler" />
    <property name="libs.restapi.maven-pom" value="" />
    <property name="libs.beans-binding.src" value="" />
    <property name="libs.NetBeans MIDP Components PDA.javadoc" value="/home/rogerio/netbeans-6.9.1/mobility/modules/docs/netbeans_midp_components_pda-api.zip" />
    <property name="java.vm.specification.vendor" value="Sun Microsystems Inc." />
    <property name="libs.DataBindingME-PIM.javadoc" value="/home/rogerio/netbeans-6.9.1/mobility/modules/docs/netbeans_databindingme_pim-api.zip" />
    <property name="libs.swing-layout.src" value="/home/rogerio/netbeans-6.9.1/platform/docs/swing-layout-1.0.4-src.zip" />
    <property name="libs.j2me_ant_ext.src" value="" />
    <property name="org.openide.major.version" value="IDE/1" />
    <property name="java.vm.name" value="Java HotSpot(TM) 64-Bit Server VM" />
    <property name="do.display.browser.debug" value="true" />
    <property name="netbeans.user" value="/home/rogerio/.netbeans/6.9" />
    <property name="javadoc.additionalparam" value="" />
    <property name="libs.ricoh-ant-utils.classpath" value="/home/rogerio/netbeans-6.9.1/mobility/modules/ext/org-netbeans-modules-j2me-cdc-project-ricoh.jar:/home/rogerio/netbeans-6.9.1/mobility/modules/ext/RicohAntTasks-2.0.jar:/home/rogerio/netbeans-6.9.1/mobility/modules/ext/commons-httpclient-3.0.jar:/home/rogerio/netbeans-6.9.1/ide/modules/ext/commons-logging-1.1.jar:/home/rogerio/netbeans-6.9.1/mobility/modules/ext/commons-codec-1.3.jar" />
    <property name="java.vendor.url" value="http://java.sun.com/" />
    <property name="java.io.tmpdir" value="/tmp" />
    <property name="endorsed.classpath.cmd.line.arg" value="-Xbootclasspath/p:&apos;/home/rogerio/Estudo_teste/projeto-epucjr02/ProjetoEngyos/${endorsed.classpath}&apos;" />
    <property name="compile.jsps" value="false" />
    <property name="libs.jsp-compiler.src" value="" />
    <property name="deploy.ant.properties.file" value="/home/rogerio/.netbeans/6.9/tomcat60.properties" />
    <property name="have.sources" value="true" />
    <property name="sun.boot.library.path" value="/opt/java/64/jdk1.6.0_23/jre/lib/amd64" />
    <property name="java.source.based" value="true" />
    <property name="debug.classpath" value="build/web/WEB-INF/classes:WebContent/WEB-INF/lib/lucene-snowball-2.9.3.jar:WebContent/WEB-INF/lib/xml-apis-ext.jar:WebContent/WEB-INF/lib/javassist-3.4.GA.jar:WebContent/WEB-INF/lib/commons-collections-2.1.1.jar:WebContent/WEB-INF/lib/jfreechart-1.0.13.jar:WebContent/WEB-INF/lib/xml-apis.jar:WebContent/WEB-INF/lib/dom4j-1.6.1.jar:WebContent/WEB-INF/lib/solr-common.jar:WebContent/WEB-INF/lib/slf4j-api-1.5.8.jar:WebContent/WEB-INF/lib/luke-0.9.9.jar:WebContent/WEB-INF/lib/xercesImpl-2.7.0.jar:WebContent/WEB-INF/lib/commons-lang-2.5.jar:WebContent/WEB-INF/lib/jfreechart-1.0.13-swt.jar:WebContent/WEB-INF/lib/jdt-compiler-3.1.1.jar:WebContent/WEB-INF/lib/jtidy-r820.jar:WebContent/WEB-INF/lib/log4j-1.2.15.jar:WebContent/WEB-INF/lib/hibernate-core-3.5.4-Final.jar:WebContent/WEB-INF/lib/jcommon-1.0.16.jar:WebContent/WEB-INF/lib/servlet-api.jar:WebContent/WEB-INF/lib/commons-collections-3.1.jar:WebContent/WEB-INF/lib/iText-rtf-2.1.7.jar:WebContent/WEB-INF/lib/jasperreports-3.7.6.jar:WebContent/WEB-INF/lib/iText-rups-2.1.7.jar:WebContent/WEB-INF/lib/commons-digester-1.7.jar:WebContent/WEB-INF/lib/NBioBSPJNI.jar:WebContent/WEB-INF/lib/antlr-2.7.6.jar:WebContent/WEB-INF/lib/iText-2.1.0.jar:WebContent/WEB-INF/lib/lucene-core-2.9.3.jar:WebContent/WEB-INF/lib/jta-1.1.jar:WebContent/WEB-INF/lib/jfreechart-1.0.13-experimental.jar:WebContent/WEB-INF/lib/solr-core-1.4.0.jar:WebContent/WEB-INF/lib/commons-javaflow-20060411.jar:WebContent/WEB-INF/lib/iText-2.1.7.jar:WebContent/WEB-INF/lib/commons-beanutils-1.8.0.jar:WebContent/WEB-INF/lib/swtgraphics2d.jar:WebContent/WEB-INF/lib/hibernate3.jar:WebContent/WEB-INF/lib/groovy-all-1.7.5.jar:WebContent/WEB-INF/lib/poi-3.6.jar:WebContent/WEB-INF/lib/hibernate-search-3.2.1.Final.jar:WebContent/WEB-INF/lib/hibernate-commons-annotations-3.2.0.Final.jar:WebContent/WEB-INF/lib/hibernate-jpa-2.0-api-1.0.0.Final.jar:WebContent/WEB-INF/lib/slf4j-log4j12-1.5.8.jar" />
    <property name="war.name" value="ProjetoEngyos.war" />
    <property name="javadoc.private" value="false" />
    <property name="libs.jsf20.classpath" value="/home/rogerio/netbeans-6.9.1/enterprise/modules/ext/jsf-2_0/jsf-api.jar:/home/rogerio/netbeans-6.9.1/enterprise/modules/ext/jsf-2_0/jsf-impl.jar" />
    <property name="javadoc.encoding.used" value="ISO-8859-1" />
    <property name="libs.DataBindingME-SVG.src" value="" />
    <property name="ant.file.ProjetoEngyos" value="/home/rogerio/Estudo_teste/projeto-epucjr02/ProjetoEngyos/build.xml" />
    <property name="file.reference.jta-1.1.jar" value="WebContent/WEB-INF/lib/jta-1.1.jar" />
    <property name="java.runtime.name" value="Java(TM) SE Runtime Environment" />
    <property name="ant.project.name" value="ProjetoEngyos" />
    <property name="netbeans.hash.code" value="unique=NB_JAVA_MOB_WEBEE0f9a376cc-a659-4e71-b7ff-8c7d5f222cc6_ee0c45dc-7703-4012-90b8-45edbc0ac5d5" />
    <property name="sun.cpu.isalist" value="" />
    <property name="libs.j2me_ant_ext.maven-pom" value="" />
    <property name="libs.CopyLibs.javadoc" value="" />
    <property name="org.openide.specification.version" value="6.2" />
    <property name="libs.ActiveSync.javadoc" value="" />
    <property name="j2ee.server.home" value="/opt/tomcat" />
    <property name="file.reference.junit-4.9b2.jar" value="lib.teste/junit-4.9b2.jar" />
    <property name="libs.DataBindingME-PIM.classpath" value="/home/rogerio/netbeans-6.9.1/mobility/modules/ext/netbeans_databindingme_pim.jar" />
    <property name="libs.hibernate-support.classpath" value="/home/rogerio/netbeans-6.9.1/java/modules/ext/hibernate/antlr-2.7.6.jar:/home/rogerio/netbeans-6.9.1/java/modules/ext/hibernate/asm.jar:/home/rogerio/netbeans-6.9.1/java/modules/ext/hibernate/asm-attrs.jar:/home/rogerio/netbeans-6.9.1/java/modules/ext/hibernate/cglib-2.1.3.jar:/home/rogerio/netbeans-6.9.1/java/modules/ext/hibernate/commons-collections-2.1.1.jar:/home/rogerio/netbeans-6.9.1/ide/modules/ext/commons-logging-1.1.jar:/home/rogerio/netbeans-6.9.1/java/modules/ext/hibernate/dom4j-1.6.1.jar:/home/rogerio/netbeans-6.9.1/java/modules/ext/hibernate/ehcache-1.2.3.jar:/home/rogerio/netbeans-6.9.1/java/modules/ext/hibernate/jdbc2_0-stdext.jar:/home/rogerio/netbeans-6.9.1/java/modules/ext/hibernate/jta.jar:/home/rogerio/netbeans-6.9.1/java/modules/ext/hibernate/hibernate3.jar:/home/rogerio/netbeans-6.9.1/java/modules/ext/hibernate/hibernate-tools.jar:/home/rogerio/netbeans-6.9.1/java/modules/ext/hibernate/hibernate-annotations.jar:/home/rogerio/netbeans-6.9.1/java/modules/ext/hibernate/hibernate-commons-annotations.jar:/home/rogerio/netbeans-6.9.1/java/modules/ext/hibernate/hibernate-entitymanager.jar:/home/rogerio/netbeans-6.9.1/java/modules/ext/hibernate/javassist.jar" />
    <property name="user.home" value="/home/rogerio" />
    <property name="annotation.processing.processors.list" value="" />
    <property name="debug-args-line" value="-Xdebug" />
    <property name="libs.NetBeans MIDP Components.classpath" value="/home/rogerio/netbeans-6.9.1/mobility/modules/ext/netbeans_midp_components_basic.jar" />
    <property name="libs.javaee-api-6.0.maven-pom" value="" />
    <property name="libs.JWSAntTasks.src" value="" />
    <property name="libs.CopyLibs.maven-pom" value="" />
    <property name="libs.hibernate-persistence.maven-pom" value="" />
    <property name="libs.spring-framework300.javadoc" value="" />
    <property name="libs.absolutelayout.javadoc" value="" />
    <property name="java.specification.name" value="Java Platform API Specification" />
    <property name="libs.swing-app-framework.maven-pom" value="" />
    <property name="libs.jakarta_slide_ant_webdav.maven-pom" value="" />
    <property name="libs.NetBeans MIDP Components WMA.classpath" value="/home/rogerio/netbeans-6.9.1/mobility/modules/ext/netbeans_midp_components_wma.jar" />
    <property name="no.dist.ear.dir" value="true" />
    <property name="libs.sjmc-ant-utils.src" value="" />
    <property name="libs.cdc-agui-swing-layout.javadoc" value="" />
    <property name="java.specification.vendor" value="Sun Microsystems Inc." />
    <property name="libs.javac-api.classpath" value="/home/rogerio/netbeans-6.9.1/java/modules/ext/javac-api-nb-7.0-b07.jar" />
    <property name="java.version" value="1.6.0_23" />
    <property name="libs.nokiaS80-ant-utils.classpath" value="/home/rogerio/netbeans-6.9.1/mobility/modules/ext/org-netbeans-modules-j2me-cdc-project-nokiaS80.jar" />
    <property name="javadoc.version" value="false" />
    <property name="libs.NetBeans MIDP Components WMA.javadoc" value="/home/rogerio/netbeans-6.9.1/mobility/modules/docs/netbeans_midp_components_wma-api.zip" />
    <property name="libs.MySQLDriver.javadoc" value="" />
    <property name="org.openide.version" value="deprecated" />
    <property name="libs.ActiveSync.maven-pom" value="" />
    <property name="source.encoding" value="ISO-8859-1" />
    <property name="ap.cmd.line.internal" value="" />
    <property name="libs.junit.maven-pom" value="" />
    <property name="libs.metro.javadoc" value="/home/rogerio/netbeans-6.9.1/enterprise/docs/metro-1.4-doc.zip" />
    <property name="libs.struts.maven-pom" value="" />
    <property name="netbeans.home+have.tests" value="true" />
    <property name="file.reference.commons-lang-2.5.jar" value="WebContent/WEB-INF/lib/commons-lang-2.5.jar" />
    <property name="libs.IdentityAntTasks.maven-pom" value="" />
    <property name="libs.jaxb.src" value="" />
    <property name="libs.cdc-ant-utils.src" value="" />
    <property name="libs.jaxb.classpath" value="/home/rogerio/netbeans-6.9.1/ide/modules/ext/jaxb/jaxb-impl.jar:/home/rogerio/netbeans-6.9.1/ide/modules/ext/jaxb/jaxb-xjc.jar:/home/rogerio/netbeans-6.9.1/ide/modules/ext/jaxb/jaxb1-impl.jar:/home/rogerio/netbeans-6.9.1/ide/modules/ext/jaxb/activation.jar:/home/rogerio/netbeans-6.9.1/ide/modules/ext/jaxb/api/jaxb-api.jar:/home/rogerio/netbeans-6.9.1/ide/modules/ext/jaxb/api/jsr173_api.jar" />
    <property name="file.reference.slf4j-log4j12-1.5.8.jar" value="WebContent/WEB-INF/lib/slf4j-log4j12-1.5.8.jar" />
    <property name="has.persistence.xml" value="true" />
    <property name="dist.javadoc.dir" value="dist/javadoc" />
    <property name="libs.spring-webmvc3.0.classpath" value="/home/rogerio/netbeans-6.9.1/java/modules/ext/spring-3.0/spring-webmvc-3.0.2.RELEASE.jar" />
    <property name="libs.swing-layout.classpath" value="/home/rogerio/netbeans-6.9.1/platform/modules/ext/swing-layout-1.0.4.jar" />
    <property name="file.reference.servlet-api.jar" value="WebContent/WEB-INF/lib/servlet-api.jar" />
    <property name="libs.restlib.src" value="" />
    <property name="javac.source" value="1.5" />
    <property name="build.generated.dir" value="build/generated" />
    <property name="line.separator" value="
" />
    <property name="libs.proguard.src" value="" />
    <property name="libs.hibernate-persistence.src" value="" />
    <property name="libs.nb_svg_midp_components.javadoc" value="/home/rogerio/netbeans-6.9.1/mobility/modules/docs/nb_svg_midp_components-api.zip" />
    <property name="java.specification.version" value="1.6" />
    <property name="java.vm.info" value="mixed mode" />
    <property name="libs.jaxws21.maven-pom" value="" />
    <property name="libs.cdc-ant-utils.javadoc" value="" />
    <property name="libs.spring-framework.maven-pom" value="" />
    <property name="sun.boot.class.path" value="/home/rogerio/Estudo_teste/projeto-epucjr02/ProjetoEngyos/${endorsed.classpath}:/opt/java/64/jdk1.6.0_23/jre/lib/resources.jar:/opt/java/64/jdk1.6.0_23/jre/lib/rt.jar:/opt/java/64/jdk1.6.0_23/jre/lib/sunrsasign.jar:/opt/java/64/jdk1.6.0_23/jre/lib/jsse.jar:/opt/java/64/jdk1.6.0_23/jre/lib/jce.jar:/opt/java/64/jdk1.6.0_23/jre/lib/charsets.jar:/opt/java/64/jdk1.6.0_23/jre/lib/modules/jdk.boot.jar:/opt/java/64/jdk1.6.0_23/jre/classes" />
    <property name="file.reference.iText-2.1.0.jar" value="WebContent/WEB-INF/lib/iText-2.1.0.jar" />
    <property name="javac.target" value="1.5" />
    <property name="file.reference.xml-apis-ext.jar" value="WebContent/WEB-INF/lib/xml-apis-ext.jar" />
    <property name="build.test.classes.dir" value="build/test/classes" />
    <property name="src.dir" value="src" />
    <property name="libs.IdentityAntTasks.javadoc" value="" />
    <property name="annotation.processing.enabled" value="true" />
    <property name="libs.jsf20.src" value="" />
    <property name="libs.proguard.maven-pom" value="" />
    <property name="libs.DataBindingME-SVG.maven-pom" value="" />
    <property name="libs.jsf12.src" value="" />
    <property name="libs.nokiadeployment.src" value="" />
    <property name="j2ee.platform" value="1.5" />
    <property name="libs.savaje-ant-utils.javadoc" value="" />
    <property name="file.reference.javassist-3.4.GA.jar" value="WebContent/WEB-INF/lib/javassist-3.4.GA.jar" />
    <property name="libs.struts.javadoc" value="/home/rogerio/netbeans-6.9.1/enterprise/docs/struts-1.3.8-javadoc.zip" />
    <property name="libs.cdc-ant-utils.maven-pom" value="" />
    <property name="web.docbase.dir" value="WebContent" />
    <property name="libs.cdc-agui-swing-layout.classpath" value="/home/rogerio/netbeans-6.9.1/mobility/modules/ext/cdc-agui-swing-layout.jar" />
    <property name="dist.dir" value="dist" />
    <property name="do.war.package.without.custom.manifest" value="true" />
    <property name="libs.sjmc-ant-utils.classpath" value="/home/rogerio/netbeans-6.9.1/mobility/modules/ext/org-netbeans-modules-j2me-cdc-project-sjmc.jar" />
    <property name="libs.JMUnit4CLDC10.classpath" value="/home/rogerio/netbeans-6.9.1/mobility/modules/ext/jmunit4cldc10-1.2.1.jar" />
    <property name="java.awt.printerjob" value="sun.print.PSPrinterJob" />
    <property name="default.javac.source" value="1.6" />
    <property name="debug-transport-by-os" value="dt_socket" />
    <property name="ant.file.type.ProjetoEngyos" value="file" />
    <property name="sun.jnu.encoding" value="UTF-8" />
    <property name="libs.MySQLDriver.src" value="" />
    <property name="libs.ant-contrib.maven-pom" value="" />
    <property name="file.reference.hamcrest-core-1.2.jar" value="lib.teste/hamcrest-core-1.2.jar" />
    <property name="libs.nokiadeployment.javadoc" value="" />
    <property name="file.reference.hibernate-core-3.5.4-Final.jar" value="WebContent/WEB-INF/lib/hibernate-core-3.5.4-Final.jar" />
    <property name="file.reference.jfreechart-1.0.13.jar" value="WebContent/WEB-INF/lib/jfreechart-1.0.13.jar" />
    <property name="build.test.results.dir" value="build/test/results" />
    <property name="java.runtime.version" value="1.6.0_23-b05" />
    <property name="libs.ejb3-persistence.javadoc" value="" />
    <property name="file.reference.commons-collections-2.1.1.jar" value="WebContent/WEB-INF/lib/commons-collections-2.1.1.jar" />
    <property name="file.reference.ProjetoEngyos-test" value="test" />
    <property name="libs.NetBeans MIDP Components.src" value="/home/rogerio/netbeans-6.9.1/mobility/sources/netbeans_midp_components_basic-src.zip" />
    <property name="libs.sjmc-ant-utils.javadoc" value="" />
    <property name="file.reference.ProjetoEngyos-src" value="src" />
    <property name="default.javac.target" value="1.6" />
    <property name="libs.junit_4.classpath" value="/home/rogerio/netbeans-6.9.1/platform/modules/ext/junit-4.5.jar" />
    <property name="user.timezone" value="" />
    <property name="libs.ant-contrib.src" value="" />
    <property name="libs.javaee-endorsed-api-6.0.maven-pom" value="" />
    <property name="netbeans.dirs" value="/home/rogerio/netbeans-6.9.1/nb:/home/rogerio/netbeans-6.9.1/ide:/home/rogerio/netbeans-6.9.1/java:/home/rogerio/netbeans-6.9.1/ergonomics:/home/rogerio/netbeans-6.9.1/bin/../xml:/home/rogerio/netbeans-6.9.1/apisupport:/home/rogerio/netbeans-6.9.1/bin/../webcommon:/home/rogerio/netbeans-6.9.1/websvccommon:/home/rogerio/netbeans-6.9.1/enterprise:/home/rogerio/netbeans-6.9.1/mobility:/home/rogerio/netbeans-6.9.1/profiler:/home/rogerio/netbeans-6.9.1/bin/../ruby:/home/rogerio/netbeans-6.9.1/bin/../python:/home/rogerio/netbeans-6.9.1/bin/../php:/home/rogerio/netbeans-6.9.1/bin/../visualweb:/home/rogerio/netbeans-6.9.1/bin/../soa:/home/rogerio/netbeans-6.9.1/identity:/home/rogerio/netbeans-6.9.1/bin/../uml:/home/rogerio/netbeans-6.9.1/harness:/home/rogerio/netbeans-6.9.1/bin/../cnd:/home/rogerio/netbeans-6.9.1/bin/../dlight:/home/rogerio/netbeans-6.9.1/bin/../groovy:/home/rogerio/netbeans-6.9.1/bin/../extra:/home/rogerio/netbeans-6.9.1/bin/../javafx:/home/rogerio/netbeans-6.9.1/bin/../javacard:" />
    <property name="file.reference.lucene-core-2.9.3.jar" value="WebContent/WEB-INF/lib/lucene-core-2.9.3.jar" />
    <property name="libs.jsf20.javadoc" value="/home/rogerio/netbeans-6.9.1/enterprise/docs/javaee6-doc-api.zip" />
    <property name="java.ext.dirs" value="/opt/java/64/jdk1.6.0_23/jre/lib/ext:/usr/java/packages/lib/ext" />
    <property name="libs.metro.src" value="" />
    <property name="libs.savaje-ant-utils.maven-pom" value="" />
    <property name="libs.semc-ant-utils.src" value="" />
    <property name="libs.absolutelayout.classpath" value="/home/rogerio/netbeans-6.9.1/java/modules/ext/AbsoluteLayout.jar" />
    <property name="excludes" value="" />
    <property name="platforms.JDK_1.6.bootclasspath" value="/home/rogerio/glassfishv3/jdk/jre/lib/resources.jar:/home/rogerio/glassfishv3/jdk/jre/lib/rt.jar:/home/rogerio/glassfishv3/jdk/jre/lib/sunrsasign.jar:/home/rogerio/glassfishv3/jdk/jre/lib/jsse.jar:/home/rogerio/glassfishv3/jdk/jre/lib/jce.jar:/home/rogerio/glassfishv3/jdk/jre/lib/charsets.jar:/home/rogerio/glassfishv3/jdk/jre/lib/modules/jdk.boot.jar:/home/rogerio/glassfishv3/jdk/jre/classes:/home/rogerio/glassfishv3/jdk/jre/lib/ext/localedata.jar:/home/rogerio/glassfishv3/jdk/jre/lib/ext/dnsns.jar:/home/rogerio/glassfishv3/jdk/jre/lib/ext/sunpkcs11.jar:/home/rogerio/glassfishv3/jdk/jre/lib/ext/sunjce_provider.jar" />
    <property name="libs.metro.classpath" value="/home/rogerio/netbeans-6.9.1/ide/modules/ext/jaxb/activation.jar:/home/rogerio/netbeans-6.9.1/enterprise/modules/ext/metro/webservices-api.jar:/home/rogerio/netbeans-6.9.1/enterprise/modules/ext/metro/webservices-extra-api.jar:/home/rogerio/netbeans-6.9.1/enterprise/modules/ext/metro/webservices-extra.jar:/home/rogerio/netbeans-6.9.1/enterprise/modules/ext/metro/webservices-rt.jar:/home/rogerio/netbeans-6.9.1/enterprise/modules/ext/metro/webservices-tools.jar" />
    <property name="libs.restlib.maven-pom" value="" />
    <property name="libs.DataBindingME.javadoc" value="/home/rogerio/netbeans-6.9.1/mobility/modules/docs/netbeans_databindingme-api.zip" />
    <property name="apple.laf.useScreenMenuBar" value="true" />
    <property name="java.class.path" value="/home/rogerio/Estudo_teste/projeto-epucjr02/ProjetoEngyos/WebContent/WEB-INF/lib/lucene-snowball-2.9.3.jar:/home/rogerio/Estudo_teste/projeto-epucjr02/ProjetoEngyos/WebContent/WEB-INF/lib/xml-apis-ext.jar:/home/rogerio/Estudo_teste/projeto-epucjr02/ProjetoEngyos/WebContent/WEB-INF/lib/javassist-3.4.GA.jar:/home/rogerio/Estudo_teste/projeto-epucjr02/ProjetoEngyos/WebContent/WEB-INF/lib/commons-collections-2.1.1.jar:/home/rogerio/Estudo_teste/projeto-epucjr02/ProjetoEngyos/WebContent/WEB-INF/lib/jfreechart-1.0.13.jar:/home/rogerio/Estudo_teste/projeto-epucjr02/ProjetoEngyos/WebContent/WEB-INF/lib/xml-apis.jar:/home/rogerio/Estudo_teste/projeto-epucjr02/ProjetoEngyos/WebContent/WEB-INF/lib/dom4j-1.6.1.jar:/home/rogerio/Estudo_teste/projeto-epucjr02/ProjetoEngyos/WebContent/WEB-INF/lib/solr-common.jar:/home/rogerio/Estudo_teste/projeto-epucjr02/ProjetoEngyos/WebContent/WEB-INF/lib/slf4j-api-1.5.8.jar:/home/rogerio/Estudo_teste/projeto-epucjr02/ProjetoEngyos/WebContent/WEB-INF/lib/luke-0.9.9.jar:/home/rogerio/Estudo_teste/projeto-epucjr02/ProjetoEngyos/WebContent/WEB-INF/lib/xercesImpl-2.7.0.jar:/home/rogerio/Estudo_teste/projeto-epucjr02/ProjetoEngyos/WebContent/WEB-INF/lib/commons-lang-2.5.jar:/home/rogerio/Estudo_teste/projeto-epucjr02/ProjetoEngyos/WebContent/WEB-INF/lib/jfreechart-1.0.13-swt.jar:/home/rogerio/Estudo_teste/projeto-epucjr02/ProjetoEngyos/WebContent/WEB-INF/lib/jdt-compiler-3.1.1.jar:/home/rogerio/Estudo_teste/projeto-epucjr02/ProjetoEngyos/WebContent/WEB-INF/lib/jtidy-r820.jar:/home/rogerio/Estudo_teste/projeto-epucjr02/ProjetoEngyos/WebContent/WEB-INF/lib/log4j-1.2.15.jar:/home/rogerio/Estudo_teste/projeto-epucjr02/ProjetoEngyos/WebContent/WEB-INF/lib/hibernate-core-3.5.4-Final.jar:/home/rogerio/Estudo_teste/projeto-epucjr02/ProjetoEngyos/WebContent/WEB-INF/lib/jcommon-1.0.16.jar:/home/rogerio/Estudo_teste/projeto-epucjr02/ProjetoEngyos/WebContent/WEB-INF/lib/servlet-api.jar:/home/rogerio/Estudo_teste/projeto-epucjr02/ProjetoEngyos/WebContent/WEB-INF/lib/commons-collections-3.1.jar:/home/rogerio/Estudo_teste/projeto-epucjr02/ProjetoEngyos/WebContent/WEB-INF/lib/iText-rtf-2.1.7.jar:/home/rogerio/Estudo_teste/projeto-epucjr02/ProjetoEngyos/WebContent/WEB-INF/lib/jasperreports-3.7.6.jar:/home/rogerio/Estudo_teste/projeto-epucjr02/ProjetoEngyos/WebContent/WEB-INF/lib/iText-rups-2.1.7.jar:/home/rogerio/Estudo_teste/projeto-epucjr02/ProjetoEngyos/WebContent/WEB-INF/lib/commons-digester-1.7.jar:/home/rogerio/Estudo_teste/projeto-epucjr02/ProjetoEngyos/WebContent/WEB-INF/lib/NBioBSPJNI.jar:/home/rogerio/Estudo_teste/projeto-epucjr02/ProjetoEngyos/WebContent/WEB-INF/lib/antlr-2.7.6.jar:/home/rogerio/Estudo_teste/projeto-epucjr02/ProjetoEngyos/WebContent/WEB-INF/lib/iText-2.1.0.jar:/home/rogerio/Estudo_teste/projeto-epucjr02/ProjetoEngyos/WebContent/WEB-INF/lib/lucene-core-2.9.3.jar:/home/rogerio/Estudo_teste/projeto-epucjr02/ProjetoEngyos/WebContent/WEB-INF/lib/jta-1.1.jar:/home/rogerio/Estudo_teste/projeto-epucjr02/ProjetoEngyos/WebContent/WEB-INF/lib/jfreechart-1.0.13-experimental.jar:/home/rogerio/Estudo_teste/projeto-epucjr02/ProjetoEngyos/WebContent/WEB-INF/lib/solr-core-1.4.0.jar:/home/rogerio/Estudo_teste/projeto-epucjr02/ProjetoEngyos/WebContent/WEB-INF/lib/commons-javaflow-20060411.jar:/home/rogerio/Estudo_teste/projeto-epucjr02/ProjetoEngyos/WebContent/WEB-INF/lib/iText-2.1.7.jar:/home/rogerio/Estudo_teste/projeto-epucjr02/ProjetoEngyos/WebContent/WEB-INF/lib/commons-beanutils-1.8.0.jar:/home/rogerio/Estudo_teste/projeto-epucjr02/ProjetoEngyos/WebContent/WEB-INF/lib/swtgraphics2d.jar:/home/rogerio/Estudo_teste/projeto-epucjr02/ProjetoEngyos/WebContent/WEB-INF/lib/hibernate3.jar:/home/rogerio/Estudo_teste/projeto-epucjr02/ProjetoEngyos/WebContent/WEB-INF/lib/groovy-all-1.7.5.jar:/home/rogerio/Estudo_teste/projeto-epucjr02/ProjetoEngyos/WebContent/WEB-INF/lib/poi-3.6.jar:/home/rogerio/Estudo_teste/projeto-epucjr02/ProjetoEngyos/WebContent/WEB-INF/lib/hibernate-search-3.2.1.Final.jar:/home/rogerio/Estudo_teste/projeto-epucjr02/ProjetoEngyos/WebContent/WEB-INF/lib/hibernate-commons-annotations-3.2.0.Final.jar:/home/rogerio/Estudo_teste/projeto-epucjr02/ProjetoEngyos/WebContent/WEB-INF/lib/hibernate-jpa-2.0-api-1.0.0.Final.jar:/home/rogerio/Estudo_teste/projeto-epucjr02/ProjetoEngyos/WebContent/WEB-INF/lib/slf4j-log4j12-1.5.8.jar:/home/rogerio/Estudo_teste/projeto-epucjr02/ProjetoEngyos/build/web/WEB-INF/classes:/home/rogerio/netbeans-6.9.1/java/modules/ext/junit-3.8.2.jar:/home/rogerio/netbeans-6.9.1/platform/modules/ext/junit-4.5.jar:/home/rogerio/Estudo_teste/projeto-epucjr02/ProjetoEngyos/lib.teste/hamcrest-core-1.2.jar:/home/rogerio/Estudo_teste/projeto-epucjr02/ProjetoEngyos/lib.teste/hamcrest-library-1.2.jar:/home/rogerio/Estudo_teste/projeto-epucjr02/ProjetoEngyos/lib.teste/jmock-2.5.1.jar:/home/rogerio/Estudo_teste/projeto-epucjr02/ProjetoEngyos/lib.teste/jmock-junit4-2.5.1.jar:/home/rogerio/Estudo_teste/projeto-epucjr02/ProjetoEngyos/lib.teste/junit-4.9b2.jar:/home/rogerio/Estudo_teste/projeto-epucjr02/ProjetoEngyos/build/test/classes:/opt/tomcat/lib/catalina-ha.jar:/opt/tomcat/lib/tomcat-dbcp.jar:/opt/tomcat/lib/tomcat-i18n-fr.jar:/opt/tomcat/lib/catalina-tribes.jar:/opt/tomcat/lib/catalina-ant.jar:/opt/tomcat/lib/tomcat-coyote.jar:/opt/tomcat/lib/el-api.jar:/opt/tomcat/lib/jasper.jar:/opt/tomcat/lib/catalina.jar:/opt/tomcat/lib/jsp-api.jar:/opt/tomcat/lib/servlet-api.jar:/opt/tomcat/lib/jasper-el.jar:/opt/tomcat/lib/tomcat-i18n-es.jar:/opt/tomcat/lib/annotations-api.jar:/opt/tomcat/lib/ecj-3.3.1.jar:/opt/tomcat/lib/tomcat-i18n-ja.jar:/opt/tomcat/bin/tomcat-juli.jar:/home/rogerio/netbeans-6.9.1/java/ant/lib/ant-launcher.jar:/home/rogerio/netbeans-6.9.1/java/ant/lib/ant.jar:/home/rogerio/netbeans-6.9.1/java/ant/patches/72080.jar" />
    <property name="file.reference.commons-javaflow-20060411.jar" value="WebContent/WEB-INF/lib/commons-javaflow-20060411.jar" />
    <property name="libs.absolutelayout.src" value="" />
    <property name="file.reference.antlr-2.7.6.jar" value="WebContent/WEB-INF/lib/antlr-2.7.6.jar" />
    <property name="j2ee.server.type" value="Tomcat60" />
    <property name="libs.cdc-pp-awt-layout.maven-pom" value="" />
    <property name="os.version" value="2.6.32-28-generic" />
    <property name="libs.JMUnit4CLDC11.maven-pom" value="" />
    <property name="libs.toplink.javadoc" value="/home/rogerio/netbeans-6.9.1/enterprise/docs/javaee6-doc-api.zip" />
    <property name="sun.desktop" value="gnome" />
    <property name="libs.nb_svg_midp_components.maven-pom" value="" />
    <property name="file.reference.lucene-snowball-2.9.3.jar" value="WebContent/WEB-INF/lib/lucene-snowball-2.9.3.jar" />
    <property name="libs.ricoh-ant-utils.javadoc" value="" />
    <property name="libs.NetBeans MIDP Components PDA.maven-pom" value="" />
    <property name="libs.restlib.javadoc" value="/home/rogerio/netbeans-6.9.1/enterprise/docs/jersey-client-1.1.5.1-javadoc.zip:/home/rogerio/netbeans-6.9.1/enterprise/docs/jersey-core-1.1.5.1-javadoc.zip:/home/rogerio/netbeans-6.9.1/enterprise/docs/jersey-json-1.1.5.1-javadoc.zip:/home/rogerio/netbeans-6.9.1/enterprise/docs/jersey-spring-1.1.5.1-javadoc.zip:/home/rogerio/netbeans-6.9.1/enterprise/docs/oauth-client-1.1.5.1-javadoc.zip:/home/rogerio/netbeans-6.9.1/enterprise/docs/oauth-signature-1.1.5.1-javadoc.zip" />
    <property name="war.content.additional" value="" />
    <property name="j2ee.platform.embeddableejb.classpath" value="" />
    <property name="libs.eclipselink.classpath" value="/home/rogerio/netbeans-6.9.1/java/modules/ext/eclipselink/eclipselink-2.0.2.jar:/home/rogerio/netbeans-6.9.1/java/modules/ext/eclipselink/eclipselink-javax.persistence-2.0.jar" />
    <property name="libs.beans-binding.javadoc" value="/home/rogerio/netbeans-6.9.1/java/docs/beansbinding-1.2.1-doc.zip" />
    <property name="java.awt.graphicsenv" value="sun.awt.X11GraphicsEnvironment" />
    <property name="java.vm.vendor" value="Sun Microsystems Inc." />
    <property name="libs.CopyLibs.classpath" value="/home/rogerio/netbeans-6.9.1/java/ant/extra/org-netbeans-modules-java-j2seproject-copylibstask.jar" />
    <property name="libs.spring-framework300.classpath" value="/home/rogerio/netbeans-6.9.1/ide/modules/ext/commons-logging-1.1.jar:/home/rogerio/netbeans-6.9.1/java/modules/ext/cglib-2.2.jar:/home/rogerio/netbeans-6.9.1/java/modules/ext/spring-3.0/spring-aop-3.0.2.RELEASE.jar:/home/rogerio/netbeans-6.9.1/java/modules/ext/spring-3.0/spring-asm-3.0.2.RELEASE.jar:/home/rogerio/netbeans-6.9.1/java/modules/ext/spring-3.0/spring-aspects-3.0.2.RELEASE.jar:/home/rogerio/netbeans-6.9.1/java/modules/ext/spring-3.0/spring-beans-3.0.2.RELEASE.jar:/home/rogerio/netbeans-6.9.1/java/modules/ext/spring-3.0/spring-context-3.0.2.RELEASE.jar:/home/rogerio/netbeans-6.9.1/java/modules/ext/spring-3.0/spring-context-support-3.0.2.RELEASE.jar:/home/rogerio/netbeans-6.9.1/java/modules/ext/spring-3.0/spring-core-3.0.2.RELEASE.jar:/home/rogerio/netbeans-6.9.1/java/modules/ext/spring-3.0/spring-expression-3.0.2.RELEASE.jar:/home/rogerio/netbeans-6.9.1/java/modules/ext/spring-3.0/spring-instrument-3.0.2.RELEASE.jar:/home/rogerio/netbeans-6.9.1/java/modules/ext/spring-3.0/spring-instrument-tomcat-3.0.2.RELEASE.jar:/home/rogerio/netbeans-6.9.1/java/modules/ext/spring-3.0/spring-jdbc-3.0.2.RELEASE.jar:/home/rogerio/netbeans-6.9.1/java/modules/ext/spring-3.0/spring-jms-3.0.2.RELEASE.jar:/home/rogerio/netbeans-6.9.1/java/modules/ext/spring-3.0/spring-orm-3.0.2.RELEASE.jar:/home/rogerio/netbeans-6.9.1/java/modules/ext/spring-3.0/spring-oxm-3.0.2.RELEASE.jar:/home/rogerio/netbeans-6.9.1/java/modules/ext/spring-3.0/spring-test-3.0.2.RELEASE.jar:/home/rogerio/netbeans-6.9.1/java/modules/ext/spring-3.0/spring-tx-3.0.2.RELEASE.jar:/home/rogerio/netbeans-6.9.1/java/modules/ext/spring-3.0/spring-web-3.0.2.RELEASE.jar:/home/rogerio/netbeans-6.9.1/java/modules/ext/spring-3.0/spring-webmvc-portlet-3.0.2.RELEASE.jar:/home/rogerio/netbeans-6.9.1/java/modules/ext/spring-3.0/spring-webmvc-3.0.2.RELEASE.jar:/home/rogerio/netbeans-6.9.1/java/modules/ext/spring-3.0/spring-struts-3.0.2.RELEASE.jar" />
    <property name="libs.jsp-compiler.maven-pom" value="" />
    <property name="libs.spring-webmvc.maven-pom" value="" />
    <property name="libs.ejb3-persistence.classpath" value="/home/rogerio/netbeans-6.9.1/java/modules/ext/hibernate/ejb3-persistence.jar" />
    <property name="libs.spring-framework.javadoc" value="" />
    <property name="libs.DataBindingME-PIM.src" value="" />
    <property name="libs.PostgreSQLDriver.classpath" value="/home/rogerio/netbeans-6.9.1/ide/modules/ext/postgresql-8.3-603.jdbc3.jar" />
    <property name="libs.jsf12.maven-pom" value="" />
    <property name="libs.junit.src" value="" />
    <property name="annotation.processing.source.output" value="build/generated-sources/ap-source-output" />
    <property name="build.dir" value="build" />
    <property name="libs.CopyLibs.src" value="" />
    <property name="libs.jsp-compilation.classpath" value="/home/rogerio/netbeans-6.9.1/java/ant/lib/ant.jar:/home/rogerio/netbeans-6.9.1/enterprise/modules/ext/servlet2.5-jsp2.1-api.jar:/home/rogerio/netbeans-6.9.1/enterprise/modules/ext/glassfish-jspparser-2.0.jar:/home/rogerio/netbeans-6.9.1/enterprise/modules/ext/glassfish-logging-2.0.jar:/home/rogerio/netbeans-6.9.1/ide/modules/ext/commons-logging-1.1.jar:/home/rogerio/netbeans-6.9.1/java/ant/lib/ant-launcher.jar" />
    <property name="ant.version" value="Apache Ant version 1.8.1 compiled on April 30 2010" />
    <property name="build.classes.excludes" value="**/*.java,**/*.form" />
    <property name="file.encoding" value="UTF-8" />
    <property name="javadoc.nonavbar" value="false" />
    <property name="platform.active" value="default_platform" />
    <property name="war.ear.name" value="ProjetoEngyos.war" />
  </properties>
  <testcase classname="com.epucjr.engyos.dominio.crud.ValidadorCPFTest" name="verificarCPFValido" time="0.0020" />
  <testcase classname="com.epucjr.engyos.dominio.crud.ValidadorCPFTest" name="verificarCPFInvalido" time="0.0" />
  <system-out><![CDATA[]]></system-out>
  <system-err><![CDATA[]]></system-err>
</testsuite>
